<graph id="Graph">
  <version>1.0</version>
  <node id="Read">
    <operator>Read</operator>
    <sources/>
    <parameters class="com.bc.ceres.binding.dom.XppDomElement">
      <file>${input}</file>
    </parameters>
  </node>
  <node id="Subset">
    <operator>Subset</operator>
    <sources>
      <sourceProduct refid="Read"/>
    </sources>
    <parameters class="com.bc.ceres.binding.dom.XppDomElement">
      <sourceBands>B2,B3,B8</sourceBands>
      <region>0,0,0,0</region>
      <referenceBand>B2</referenceBand>
      <geoRegion>${area}</geoRegion>
      <subSamplingX>1</subSamplingX>
      <subSamplingY>1</subSamplingY>
      <fullSwath>false</fullSwath>
      <tiePointGridNames/>
      <copyMetadata>true</copyMetadata>
    </parameters>
  </node>
  <node id="Write">
    <operator>Write</operator>
    <sources>
      <sourceProduct refid="Subset"/>
    </sources>
    <parameters class="com.bc.ceres.binding.dom.XppDomElement">
      <file>${output}</file>
      <formatName>GeoTIFF</formatName>
    </parameters>
  </node>
  <applicationData id="Presentation">
    <Description/>
    <node id="Read">
      <displayPosition x="37.0" y="134.0"/>
    </node>
    <node id="Subset">
      <displayPosition x="175.0" y="101.0"/>
    </node>
    <node id="Reproject">
      <displayPosition x="340.0" y="98.0"/>
    </node>
    <node id="Write">
      <displayPosition x="455.0" y="135.0"/>
    </node>
  </applicationData>
</graph>