<?xml version="1.0" encoding="UTF-8"?><wfs:FeatureCollection xmlns:xs="http://www.w3.org/2001/XMLSchema" xmlns:wfs="http://www.opengis.net/wfs" xmlns:gml="http://www.opengis.net/gml" xmlns:wacodis="wacodis" xmlns:xsi="http://www.w3.org/2001/XMLSchema-instance" numberOfFeatures="0" timeStamp="2019-12-10T07:02:22.486Z" xsi:schemaLocation="http://www.opengis.net/wfs http://wacodis.eftas.com:8081/geoserver/schemas/wfs/1.1.0/wfs.xsd wacodis http://wacodis.eftas.com:8081/geoserver/wacodis/wfs?service=WFS&amp;version=1.0.0&amp;request=DescribeFeatureType&amp;typeName=wacodis%3Awacodis_test"><gml:boundedBy><gml:Envelope srsDimension="2" srsName="http://www.opengis.net/gml/srs/epsg.xml#25832"><gml:lowerCorner>359011.949 5657985.607</gml:lowerCorner><gml:upperCorner>397979.5783 5683243.551</gml:upperCorner></gml:Envelope></gml:boundedBy><gml:featureMembers><wacodis:wacodis_test gml:id="wacodis_test.1"><gml:boundedBy><gml:Envelope srsName="http://www.opengis.net/gml/srs/epsg.xml#25832" srsDimension="2"><gml:lowerCorner>379254.831 5680795.955</gml:lowerCorner><gml:upperCorner>379403.417 5681265.06</gml:upperCorner></gml:Envelope></gml:boundedBy><wacodis:test_geometry><gml:MultiSurface srsName="http://www.opengis.net/gml/srs/epsg.xml#25832" srsDimension="2"><gml:surfaceMember><gml:Polygon><gml:exterior><gml:LinearRing><gml:posList>379271.62 5681128.581 379273.517 5681131.159 379280.146 5681139.483 379282.705 5681142.989 379284.606 5681146.032 379286.432 5681149.418 379290.11 5681157.695 379294.031 5681167.406 379296.948 5681173.223 379299.786 5681177.594 379306.081 5681186.157 379308.623 5681189.975 379310.965 5681193.924 379313.105 5681198 379315.041 5681202.199 379318.458 5681210.351 379320.758 5681214.772 379324.068 5681219.386 379330.45 5681226.682 379336.413 5681233.689 379340.092 5681237.394 379342.43 5681239.316 379345.135 5681241.239 379352.538 5681245.69 379360.864 5681250.561 379366.502 5681254.424 379375.602 5681261.656 379380.444 5681265.06 379403.417 5681167.017 379325.145 5681123.127 379308.824 5680907.19 379308.302 5680898.359 379308.47 5680895.344 379308.936 5680892.672 379309.685 5680890.261 379310.791 5680887.719 379312.271 5680884.993 379314.284 5680881.793 379315.458 5680880.033 379313.233 5680872.43 379311.753 5680866.007 379310.729 5680859.372 379309.974 5680851.334 379308.694 5680833.885 379307.492 5680821.408 379305.439 5680795.955 379295.514 5680821.898 379278.935 5680866.992 379261.266 5680898.853 379254.831 5680910.767 379271.62 5681128.581</gml:posList></gml:LinearRing></gml:exterior></gml:Polygon></gml:surfaceMember></gml:MultiSurface></wacodis:test_geometry><wacodis:objectid>1</wacodis:objectid><wacodis:gid>14.0</wacodis:gid><wacodis:oberklasse>3</wacodis:oberklasse><wacodis:unterklasse>7</wacodis:unterklasse><wacodis:datum>2018-10-25T00:00:00Z</wacodis:datum><wacodis:SHAPE_Length>1043.5069077822245</wacodis:SHAPE_Length><wacodis:SHAPE_Area>24427.331860383914</wacodis:SHAPE_Area><wacodis:class>7</wacodis:class></wacodis:wacodis_test><wacodis:wacodis_test gml:id="wacodis_test.2"><gml:boundedBy><gml:Envelope srsName="http://www.opengis.net/gml/srs/epsg.xml#25832" srsDimension="2"><gml:lowerCorner>380191.656 5671306.376</gml:lowerCorner><gml:upperCorner>380543.357 5671689.532</gml:upperCorner></gml:Envelope></gml:boundedBy><wacodis:test_geometry><gml:MultiSurface srsName="http://www.opengis.net/gml/srs/epsg.xml#25832" srsDimension="2"><gml:surfaceMember><gml:Polygon><gml:exterior><gml:LinearRing><gml:posList>380474.129 5671688.124 380476.387 5671689.532 380543.357 5671580.143 380539.792 5671578.587 380481.844 5671553.64 380476.702 5671551.267 380472.096 5671548.804 380467.947 5671546.207 380464.22 5671543.454 380461.169 5671540.817 380457.967 5671537.686 380448.972 5671527.768 380377.594 5671448.34 380372.4 5671442.906 380366.668 5671437.568 380360.363 5671432.292 380353.411 5671427.016 380342.044 5671419.259 380328.338 5671410.831 380298.093 5671392.957 380290.685 5671388.323 380284.041 5671383.626 380278.062 5671378.792 380272.697 5671373.783 380268.91 5671369.737 380265.272 5671365.382 380261.787 5671360.721 380258.454 5671355.755 380236.43 5671321.136 380227.923 5671306.376 380191.656 5671349.278 380206.494 5671372.084 380216.27 5671387.213 380223.12 5671397.019 380230.186 5671406.084 380240.394 5671418.224 380241.67 5671420.073 380244.356 5671424.366 380246.076 5671427.497 380248.383 5671433.019 380252.968 5671446.826 380255.065 5671451.546 380257.583 5671456.074 380260.5 5671460.369 380263.79 5671464.393 380288.218 5671491.71 380294.357 5671499.178 380300.693 5671508.11 380305.271 5671515.197 380313.64 5671528.692 380324.022 5671545.277 380326.787 5671549.264 380329.938 5671552.939 380381.037 5671606.181 380393.054 5671618.697 380414.568 5671640.83 380426.631 5671652.427 380438.696 5671663.257 380452.49 5671675.2 380474.129 5671688.124</gml:posList></gml:LinearRing></gml:exterior></gml:Polygon></gml:surfaceMember></gml:MultiSurface></wacodis:test_geometry><wacodis:objectid>2</wacodis:objectid><wacodis:gid>30.0</wacodis:gid><wacodis:oberklasse>1</wacodis:oberklasse><wacodis:unterklasse>1</wacodis:unterklasse><wacodis:datum>2018-11-02T00:00:00Z</wacodis:datum><wacodis:SHAPE_Length>1059.3892225799739</wacodis:SHAPE_Length><wacodis:SHAPE_Area>39156.237585895375</wacodis:SHAPE_Area><wacodis:class>1</wacodis:class></wacodis:wacodis_test><wacodis:wacodis_test gml:id="wacodis_test.3"><gml:boundedBy><gml:Envelope srsName="http://www.opengis.net/gml/srs/epsg.xml#25832" srsDimension="2"><gml:lowerCorner>380095.253 5671516.546</gml:lowerCorner><gml:upperCorner>380263.016 5671721.4369</gml:upperCorner></gml:Envelope></gml:boundedBy><wacodis:test_geometry><gml:MultiSurface srsName="http://www.opengis.net/gml/srs/epsg.xml#25832" srsDimension="2"><gml:surfaceMember><gml:Polygon><gml:exterior><gml:LinearRing><gml:posList>380150.5515 5671660.9181 380150.6434 5671660.944 380163.4045 5671701.1907 380263.016 5671721.4369 380251.369 5671687.015 380247.772 5671677.542 380240.379 5671660.45 380238.235 5671655.151 380236.684 5671650.729 380235.532 5671646.637 380234.755 5671642.77 380234.313 5671638.753 380234.262 5671634.822 380234.602 5671631.036 380235.33 5671627.439 380236.347 5671624.26 380237.739 5671621.023 380239.514 5671617.709 380241.696 5671614.272 380248.037 5671605.409 380254.729 5671595.331 380247.503 5671592.324 380201.136 5671569.205 380192.034 5671564.374 380188.037 5671561.894 380183.891 5671559.048 380174.615 5671551.878 380167.046 5671545.505 380159.057 5671538.406 380139.911 5671520.378 380135.753 5671516.546 380134.02 5671518.217 380107.444 5671542.624 380095.253 5671553.818 380132.889 5671606.224 380162.616 5671647.617 380151.738 5671659.61 380150.5515 5671660.9181</gml:posList></gml:LinearRing></gml:exterior></gml:Polygon></gml:surfaceMember></gml:MultiSurface></wacodis:test_geometry><wacodis:objectid>3</wacodis:objectid><wacodis:gid>31.0</wacodis:gid><wacodis:oberklasse>1</wacodis:oberklasse><wacodis:unterklasse>1</wacodis:unterklasse><wacodis:datum>2018-11-02T00:00:00Z</wacodis:datum><wacodis:SHAPE_Length>613.2017860357241</wacodis:SHAPE_Length><wacodis:SHAPE_Area>16539.258332251025</wacodis:SHAPE_Area><wacodis:class>1</wacodis:class></wacodis:wacodis_test><wacodis:wacodis_test gml:id="wacodis_test.4"><gml:boundedBy><gml:Envelope srsName="http://www.opengis.net/gml/srs/epsg.xml#25832" srsDimension="2"><gml:lowerCorner>379966.856 5671301.17</gml:lowerCorner><gml:upperCorner>380203.003 5671520.378</gml:upperCorner></gml:Envelope></gml:boundedBy><wacodis:test_geometry><gml:MultiSurface srsName="http://www.opengis.net/gml/srs/epsg.xml#25832" srsDimension="2"><gml:surfaceMember><gml:Polygon><gml:exterior><gml:LinearRing><gml:posList>380203.003 5671458.3118 380145.7681 5671393.1368 380145.532 5671393.383 380145.004 5671392.705 380081.258 5671313.966 380058.924 5671301.17 380008.028 5671363.18 379968.717 5671411.085 379966.856 5671413.386 380037.33 5671433.92 380039.053 5671434.45 380079.674 5671466.309 380129.207 5671510.61 380135.753 5671516.546 380139.911 5671520.378 380142.315 5671517.979 380203.003 5671458.3118</gml:posList></gml:LinearRing></gml:exterior></gml:Polygon></gml:surfaceMember></gml:MultiSurface></wacodis:test_geometry><wacodis:objectid>4</wacodis:objectid><wacodis:gid>32.0</wacodis:gid><wacodis:oberklasse>1</wacodis:oberklasse><wacodis:unterklasse>1</wacodis:unterklasse><wacodis:datum>2018-11-02T00:00:00Z</wacodis:datum><wacodis:SHAPE_Length>656.4186566305242</wacodis:SHAPE_Length><wacodis:SHAPE_Area>22532.945192713043</wacodis:SHAPE_Area><wacodis:class>1</wacodis:class></wacodis:wacodis_test><wacodis:wacodis_test gml:id="wacodis_test.5"><gml:boundedBy><gml:Envelope srsName="http://www.opengis.net/gml/srs/epsg.xml#25832" srsDimension="2"><gml:lowerCorner>392555.817 5675223.153</gml:lowerCorner><gml:upperCorner>392828.6394 5675405.4042</gml:upperCorner></gml:Envelope></gml:boundedBy><wacodis:test_geometry><gml:MultiSurface srsName="http://www.opengis.net/gml/srs/epsg.xml#25832" srsDimension="2"><gml:surfaceMember><gml:Polygon><gml:exterior><gml:LinearRing><gml:posList>392792.1617 5675405.4042 392828.6394 5675388.1468 392828.608 5675388.052 392822.249 5675375.702 392818.663 5675369.332 392815.212 5675363.788 392806.039 5675349.857 392785.503 5675322.283 392783.067 5675318.981 392773.871 5675305.684 392770.563 5675300.474 392767.706 5675295.597 392764.15 5675288.64 392761.662 5675282.338 392760.377 5675277.788 392759.415 5675272.92 392758.769 5675267.701 392758.432 5675262.061 392757.402 5675229.488 392718.541 5675225.973 392706.758 5675225.035 392694.959 5675224.235 392679.221 5675223.478 392668.168 5675223.153 392657.703 5675223.273 392647.72 5675223.839 392638.159 5675224.855 392629.216 5675226.264 392619.937 5675228.163 392610.247 5675230.568 392599.995 5675233.517 392590.911 5675236.419 392581.078 5675239.809 392555.817 5675249.228 392573.714 5675266.105 392672.27 5675337.413 392690.233 5675319.171 392728.2 5675337.529 392792.1617 5675405.4042</gml:posList></gml:LinearRing></gml:exterior></gml:Polygon></gml:surfaceMember></gml:MultiSurface></wacodis:test_geometry><wacodis:objectid>5</wacodis:objectid><wacodis:gid>33.0</wacodis:gid><wacodis:oberklasse>1</wacodis:oberklasse><wacodis:unterklasse>2</wacodis:unterklasse><wacodis:datum>2018-11-02T00:00:00Z</wacodis:datum><wacodis:SHAPE_Length>732.0346774594686</wacodis:SHAPE_Length><wacodis:SHAPE_Area>21093.02195545882</wacodis:SHAPE_Area><wacodis:class>2</wacodis:class></wacodis:wacodis_test><wacodis:wacodis_test gml:id="wacodis_test.6"><gml:boundedBy><gml:Envelope srsName="http://www.opengis.net/gml/srs/epsg.xml#25832" srsDimension="2"><gml:lowerCorner>392791.1491 5675388.1468</gml:lowerCorner><gml:upperCorner>392836.361 5675609.9792</gml:upperCorner></gml:Envelope></gml:boundedBy><wacodis:test_geometry><gml:MultiSurface srsName="http://www.opengis.net/gml/srs/epsg.xml#25832" srsDimension="2"><gml:surfaceMember><gml:Polygon><gml:exterior><gml:LinearRing><gml:posList>392791.1491 5675406.1337 392800.0106 5675413.487 392797.287 5675609.9792 392832.1043 5675605.1506 392836.299 5675434.259 392836.361 5675426.754 392836.136 5675420.277 392835.608 5675414.371 392834.763 5675408.91 392833.82 5675404.626 392832.558 5675399.991 392828.6394 5675388.1468 392792.1617 5675405.4042 392792.202 5675405.447 392791.1491 5675406.1337</gml:posList></gml:LinearRing></gml:exterior></gml:Polygon></gml:surfaceMember></gml:MultiSurface></wacodis:test_geometry><wacodis:objectid>6</wacodis:objectid><wacodis:gid>34.0</wacodis:gid><wacodis:oberklasse>1</wacodis:oberklasse><wacodis:unterklasse>1</wacodis:unterklasse><wacodis:datum>2018-11-02T00:00:00Z</wacodis:datum><wacodis:SHAPE_Length>502.89713057624664</wacodis:SHAPE_Length><wacodis:SHAPE_Area>7614.900776962042</wacodis:SHAPE_Area><wacodis:class>1</wacodis:class></wacodis:wacodis_test><wacodis:wacodis_test gml:id="wacodis_test.7"><gml:boundedBy><gml:Envelope srsName="http://www.opengis.net/gml/srs/epsg.xml#25832" srsDimension="2"><gml:lowerCorner>392582.4404 5675303.5789</gml:lowerCorner><gml:upperCorner>392792.202 5675449.818</gml:upperCorner></gml:Envelope></gml:boundedBy><wacodis:test_geometry><gml:MultiSurface srsName="http://www.opengis.net/gml/srs/epsg.xml#25832" srsDimension="2"><gml:surfaceMember><gml:Polygon><gml:exterior><gml:LinearRing><gml:posList>392625.5073 5675303.5789 392582.4404 5675343.2004 392587.918 5675346.862 392706.66 5675429.851 392722.383 5675449.818 392748.838 5675433.73 392792.202 5675405.447 392728.2 5675337.529 392690.233 5675319.171 392672.27 5675337.413 392625.5073 5675303.5789</gml:posList></gml:LinearRing></gml:exterior></gml:Polygon></gml:surfaceMember></gml:MultiSurface></wacodis:test_geometry><wacodis:objectid>7</wacodis:objectid><wacodis:gid>35.0</wacodis:gid><wacodis:oberklasse>6</wacodis:oberklasse><wacodis:unterklasse>14</wacodis:unterklasse><wacodis:datum>2018-11-02T00:00:00Z</wacodis:datum><wacodis:SHAPE_Length>536.9424196295786</wacodis:SHAPE_Length><wacodis:SHAPE_Area>13747.66085096557</wacodis:SHAPE_Area><wacodis:class>14</wacodis:class></wacodis:wacodis_test><wacodis:wacodis_test gml:id="wacodis_test.8"><gml:boundedBy><gml:Envelope srsName="http://www.opengis.net/gml/srs/epsg.xml#25832" srsDimension="2"><gml:lowerCorner>392757.402 5675229.488</gml:lowerCorner><gml:upperCorner>392926.842 5675318.981</gml:upperCorner></gml:Envelope></gml:boundedBy><wacodis:test_geometry><gml:MultiSurface srsName="http://www.opengis.net/gml/srs/epsg.xml#25832" srsDimension="2"><gml:surfaceMember><gml:Polygon><gml:exterior><gml:LinearRing><gml:posList>392757.402 5675229.488 392758.432 5675262.061 392758.769 5675267.701 392759.415 5675272.92 392760.377 5675277.788 392761.662 5675282.338 392764.15 5675288.64 392767.706 5675295.597 392770.563 5675300.474 392773.871 5675305.684 392783.067 5675318.981 392785.823 5675317.867 392878.318 5675279.973 392926.842 5675259.18 392921.236 5675243.443 392906.835 5675240.891 392897.722 5675239.587 392888.53 5675238.538 392884.718 5675238.293 392757.402 5675229.488</gml:posList></gml:LinearRing></gml:exterior></gml:Polygon></gml:surfaceMember></gml:MultiSurface></wacodis:test_geometry><wacodis:objectid>8</wacodis:objectid><wacodis:gid>36.0</wacodis:gid><wacodis:oberklasse>6</wacodis:oberklasse><wacodis:unterklasse>12</wacodis:unterklasse><wacodis:datum>2018-11-02T00:00:00Z</wacodis:datum><wacodis:SHAPE_Length>432.7165017243393</wacodis:SHAPE_Length><wacodis:SHAPE_Area>9254.366664492625</wacodis:SHAPE_Area><wacodis:class>12</wacodis:class></wacodis:wacodis_test><wacodis:wacodis_test gml:id="wacodis_test.9"><gml:boundedBy><gml:Envelope srsName="http://www.opengis.net/gml/srs/epsg.xml#25832" srsDimension="2"><gml:lowerCorner>370305.478 5663633.816</gml:lowerCorner><gml:upperCorner>370491.2497 5663756.2259</gml:upperCorner></gml:Envelope></gml:boundedBy><wacodis:test_geometry><gml:MultiSurface srsName="http://www.opengis.net/gml/srs/epsg.xml#25832" srsDimension="2"><gml:surfaceMember><gml:Polygon><gml:exterior><gml:LinearRing><gml:posList>370467.0956 5663756.2259 370491.0151 5663678.3484 370491.2497 5663677.5808 370480.381 5663674.175 370351.263 5663633.816 370306.801 5663696.593 370305.998 5663698.052 370305.55 5663699.634 370305.478 5663701.266 370305.785 5663702.858 370306.52 5663704.432 370307.637 5663705.798 370309.071 5663706.875 370310.749 5663707.61 370465.901 5663755.811 370467.0956 5663756.2259</gml:posList></gml:LinearRing></gml:exterior></gml:Polygon></gml:surfaceMember></gml:MultiSurface></wacodis:test_geometry><wacodis:objectid>9</wacodis:objectid><wacodis:gid>20.0</wacodis:gid><wacodis:oberklasse>1</wacodis:oberklasse><wacodis:unterklasse>2</wacodis:unterklasse><wacodis:datum>2018-11-02T00:00:00Z</wacodis:datum><wacodis:SHAPE_Length>483.28953807676993</wacodis:SHAPE_Length><wacodis:SHAPE_Area>13177.361024721327</wacodis:SHAPE_Area><wacodis:class>2</wacodis:class></wacodis:wacodis_test><wacodis:wacodis_test gml:id="wacodis_test.10"><gml:boundedBy><gml:Envelope srsName="http://www.opengis.net/gml/srs/epsg.xml#25832" srsDimension="2"><gml:lowerCorner>370038.4347 5662570.3944</gml:lowerCorner><gml:upperCorner>370228.449 5662734.24</gml:upperCorner></gml:Envelope></gml:boundedBy><wacodis:test_geometry><gml:MultiSurface srsName="http://www.opengis.net/gml/srs/epsg.xml#25832" srsDimension="2"><gml:surfaceMember><gml:Polygon><gml:exterior><gml:LinearRing><gml:posList>370053.0106 5662570.3944 370038.4347 5662682.1427 370040.439 5662683.251 370097.817 5662696.62 370112.449 5662703.154 370110.395 5662706.437 370114.102 5662707.504 370117.512 5662708.79 370122.371 5662711.23 370127.849 5662714.697 370148.994 5662729.144 370154.935 5662734.24 370222.953 5662649.472 370228.449 5662642.641 370194.538 5662590.317 370190.321 5662589.205 370186.054 5662588.362 370073.03 5662573.104 370058.322 5662571.257 370053.0106 5662570.3944</gml:posList></gml:LinearRing></gml:exterior></gml:Polygon></gml:surfaceMember></gml:MultiSurface></wacodis:test_geometry><wacodis:objectid>10</wacodis:objectid><wacodis:gid>22.0</wacodis:gid><wacodis:oberklasse>1</wacodis:oberklasse><wacodis:unterklasse>1</wacodis:unterklasse><wacodis:datum>2018-11-02T00:00:00Z</wacodis:datum><wacodis:SHAPE_Length>569.4227807349489</wacodis:SHAPE_Length><wacodis:SHAPE_Area>20243.508207943858</wacodis:SHAPE_Area><wacodis:class>1</wacodis:class></wacodis:wacodis_test></gml:featureMembers></wfs:FeatureCollection>