<graph id="Graph">
  <version>1.0</version>
  <node id="Read">
    <operator>Read</operator>
    <sources/>
    <parameters class="com.bc.ceres.binding.dom.XppDomElement">
      <file>${input}</file>
    </parameters>
  </node>
  <node id="BandSelect">
    <operator>BandSelect</operator>
    <sources>
      <sourceProduct refid="Read"/>
    </sources>
    <parameters class="com.bc.ceres.binding.dom.XppDomElement">
      <selectedPolarisations/>
      <sourceBands>B2,B3,B8</sourceBands>
      <bandNamePattern/>
    </parameters>
  </node>
  <node id="Reproject">
    <operator>Reproject</operator>
    <sources>
      <sourceProduct refid="BandSelect"/>
    </sources>
    <parameters class="com.bc.ceres.binding.dom.XppDomElement">
      <wktFile/>
      <crs>${epsg}</crs>
      <resampling>Nearest</resampling>
      <referencePixelX/>
      <referencePixelY/>
      <easting/>
      <northing/>
      <orientation/>
      <pixelSizeX/>
      <pixelSizeY/>
      <width/>
      <height/>
      <tileSizeX/>
      <tileSizeY/>
      <orthorectify>false</orthorectify>
      <elevationModelName/>
      <noDataValue>NaN</noDataValue>
      <includeTiePointGrids>true</includeTiePointGrids>
      <addDeltaBands>false</addDeltaBands>
    </parameters>
  </node>
  <node id="Write">
    <operator>Write</operator>
    <sources>
      <sourceProduct refid="Reproject"/>
    </sources>
    <parameters class="com.bc.ceres.binding.dom.XppDomElement">
      <file>${output}</file>
      <formatName>GeoTIFF</formatName>
    </parameters>
  </node>
  <applicationData id="Presentation">
    <Description/>
    <node id="Read">
            <displayPosition x="37.0" y="119.0"/>
    </node>
    <node id="BandSelect">
      <displayPosition x="185.0" y="109.0"/>
    </node>
    <node id="Reproject">
      <displayPosition x="347.0" y="120.0"/>
    </node>
    <node id="Write">
            <displayPosition x="455.0" y="135.0"/>
    </node>
  </applicationData>
</graph>